TN:
SF:/Users/johnblalock/Desktop/epicodus/intrermed_javascript/superGalacticAgeCalculator/src/js/scripts.js
FN:2,(anonymous_0)
FN:9,(anonymous_1)
FN:22,(anonymous_2)
FN:33,(anonymous_3)
FNF:4
FNH:4
FNDA:13,(anonymous_0)
FNDA:5,(anonymous_1)
FNDA:7,(anonymous_2)
FNDA:2,(anonymous_3)
DA:3,13
DA:4,13
DA:5,13
DA:6,13
DA:7,13
DA:10,5
DA:11,1
DA:12,4
DA:13,1
DA:14,3
DA:15,1
DA:16,2
DA:17,1
DA:19,1
DA:23,7
DA:24,1
DA:25,6
DA:26,1
DA:27,5
DA:28,3
DA:30,2
DA:34,2
DA:35,1
DA:37,1
LF:24
LH:24
BRDA:10,0,0,1
BRDA:10,0,1,4
BRDA:12,1,0,1
BRDA:12,1,1,3
BRDA:14,2,0,1
BRDA:14,2,1,2
BRDA:16,3,0,1
BRDA:16,3,1,1
BRDA:23,4,0,1
BRDA:23,4,1,6
BRDA:25,5,0,1
BRDA:25,5,1,5
BRDA:27,6,0,3
BRDA:27,6,1,2
BRDA:34,7,0,1
BRDA:34,7,1,1
BRF:16
BRH:16
end_of_record
