TN:
SF:/Users/johnblalock/Desktop/epicodus/intrermed_javascript/superGalacticAgeCalculator/src/js/scripts.js
FN:2,(anonymous_0)
FN:9,(anonymous_1)
FN:20,(anonymous_2)
FN:31,(anonymous_3)
FNF:4
FNH:4
FNDA:12,(anonymous_0)
FNDA:4,(anonymous_1)
FNDA:7,(anonymous_2)
FNDA:2,(anonymous_3)
DA:3,12
DA:4,12
DA:5,12
DA:6,12
DA:7,12
DA:10,4
DA:11,1
DA:12,3
DA:13,1
DA:14,2
DA:15,1
DA:16,1
DA:17,1
DA:21,7
DA:22,1
DA:23,6
DA:24,1
DA:25,5
DA:26,3
DA:28,2
DA:32,2
DA:33,1
LF:22
LH:22
BRDA:10,0,0,1
BRDA:10,0,1,3
BRDA:12,1,0,1
BRDA:12,1,1,2
BRDA:14,2,0,1
BRDA:14,2,1,1
BRDA:16,3,0,1
BRDA:16,3,1,0
BRDA:21,4,0,1
BRDA:21,4,1,6
BRDA:23,5,0,1
BRDA:23,5,1,5
BRDA:25,6,0,3
BRDA:25,6,1,2
BRDA:32,7,0,1
BRDA:32,7,1,1
BRF:16
BRH:15
end_of_record
